<?xml version="1.0" encoding="UTF-8"?>
<!-- Generated by org.testng.reporters.JUnitReportReporter -->
<testsuite name="SalesRefundPositivecases.Hotelpositivecash" tests="1" time="499.935" ignored="0" failures="0" timestamp="08 Nov 2020 19:37:42 GMT" skipped="0" hostname="Prabha" errors="0">
  <testcase name="logincheckK" time="499.935" classname="SalesRefundPositivecases.Hotelpositivecash"/>
</testsuite> <!-- SalesRefundPositivecases.Hotelpositivecash -->
