<?xml version="1.0" encoding="UTF-8"?>
<!-- Generated by org.testng.reporters.JUnitReportReporter -->
<testsuite name="SalesRefundPositivecases.Airpositive" tests="1" time="647.420" ignored="0" failures="0" timestamp="04 Nov 2020 06:16:32 GMT" skipped="0" hostname="Prabha" errors="0">
  <testcase name="logincheckK" time="647.420" classname="SalesRefundPositivecases.Airpositive"/>
</testsuite> <!-- SalesRefundPositivecases.Airpositive -->
