<?xml version="1.0" encoding="UTF-8"?>
<!-- Generated by org.testng.reporters.JUnitReportReporter -->
<testsuite hostname="Prabha" name="SalesrefundAir.Airpositive" tests="1" failures="0" timestamp="23 Dec 2020 11:52:28 GMT" time="488.687" errors="0">
  <testcase name="Airpositive" time="488.687" classname="SalesrefundAir.Airpositive"/>
</testsuite> <!-- SalesrefundAir.Airpositive -->
