<?xml version="1.0" encoding="UTF-8"?>
<!-- Generated by org.testng.reporters.JUnitReportReporter -->
<testsuite name="Refund.Airrefund" tests="1" time="142.200" ignored="0" failures="0" timestamp="02 Dec 2020 06:31:51 GMT" skipped="0" hostname="Prabha" errors="0">
  <testcase name="Airpositive" time="142.200" classname="Refund.Airrefund"/>
</testsuite> <!-- Refund.Airrefund -->
