<?xml version="1.0" encoding="UTF-8"?>
<!-- Generated by org.testng.reporters.JUnitReportReporter -->
<testsuite name="travlogixnegativescenarios.Carmasternegativescenarios" tests="1" time="129.494" ignored="0" failures="0" timestamp="19 Oct 2020 05:59:13 GMT" skipped="0" hostname="Prabha" errors="0">
  <testcase name="logincheckK" time="129.494" classname="travlogixnegativescenarios.Carmasternegativescenarios"/>
</testsuite> <!-- travlogixnegativescenarios.Carmasternegativescenarios -->
