<?xml version="1.0" encoding="UTF-8"?>
<!-- Generated by org.testng.reporters.JUnitReportReporter -->
<testsuite name="travlogixnegativescenarios.Airlinemasternegativvescenarios" tests="1" time="334.549" ignored="0" failures="0" timestamp="09 Nov 2020 21:18:17 GMT" skipped="0" hostname="Prabha" errors="0">
  <testcase name="logincheckK" time="334.549" classname="travlogixnegativescenarios.Airlinemasternegativvescenarios"/>
</testsuite> <!-- travlogixnegativescenarios.Airlinemasternegativvescenarios -->
