<?xml version="1.0" encoding="UTF-8"?>
<!-- Generated by org.testng.reporters.JUnitReportReporter -->
<testsuite name="travlogixnegativescenarios.Taxnegativescenarios" tests="1" time="78.044" ignored="0" failures="0" timestamp="14 Dec 2020 17:01:37 GMT" skipped="0" hostname="Prabha" errors="0">
  <testcase name="Taxnegativescenarios" time="78.044" classname="travlogixnegativescenarios.Taxnegativescenarios"/>
</testsuite> <!-- travlogixnegativescenarios.Taxnegativescenarios -->
