<?xml version="1.0" encoding="UTF-8"?>
<!-- Generated by org.testng.reporters.JUnitReportReporter -->
<testsuite name="travlogixnegativescenarios.Airlinemasternegativvescenarios" tests="1" time="329.474" ignored="0" failures="0" timestamp="19 Oct 2020 05:59:13 GMT" skipped="0" hostname="Prabha" errors="0">
  <testcase name="logincheckK" time="329.474" classname="travlogixnegativescenarios.Airlinemasternegativvescenarios"/>
</testsuite> <!-- travlogixnegativescenarios.Airlinemasternegativvescenarios -->
