<?xml version="1.0" encoding="UTF-8"?>
<!-- Generated by org.testng.reporters.JUnitReportReporter -->
<testsuite name="Refund.Airrefund" tests="1" time="278.997" ignored="0" failures="0" timestamp="18 Dec 2020 19:57:25 GMT" skipped="0" hostname="Prabha" errors="0">
  <testcase name="Airrefund" time="278.997" classname="Refund.Airrefund"/>
</testsuite> <!-- Refund.Airrefund -->
