<?xml version="1.0" encoding="UTF-8"?>
<!-- Generated by org.testng.reporters.JUnitReportReporter -->
<testsuite name="travlogix.Vatsetup" tests="1" time="404.650" ignored="0" failures="0" timestamp="23 Oct 2020 12:57:58 GMT" skipped="0" hostname="Prabha" errors="0">
  <testcase name="logincheckK" time="404.650" classname="travlogix.Vatsetup"/>
</testsuite> <!-- travlogix.Vatsetup -->
