<?xml version="1.0" encoding="UTF-8"?>
<!-- Generated by org.testng.reporters.JUnitReportReporter -->
<testsuite name="SalesRefundPositivecases.Misccredit" tests="1" time="389.172" ignored="0" failures="0" timestamp="20 Nov 2020 04:28:12 GMT" skipped="0" hostname="Prabha" errors="0">
  <testcase name="logincheckK" time="389.172" classname="SalesRefundPositivecases.Misccredit"/>
</testsuite> <!-- SalesRefundPositivecases.Misccredit -->
