<?xml version="1.0" encoding="UTF-8"?>
<!-- Generated by org.testng.reporters.JUnitReportReporter -->
<testsuite name="SalesRefundPositivecases.Misccash" tests="1" time="189.526" ignored="0" failures="0" timestamp="07 Nov 2020 19:12:26 GMT" skipped="0" hostname="Prabha" errors="0">
  <testcase name="logincheckK" time="189.526" classname="SalesRefundPositivecases.Misccash"/>
</testsuite> <!-- SalesRefundPositivecases.Misccash -->
