<?xml version="1.0" encoding="UTF-8"?>
<!-- Generated by org.testng.reporters.JUnitReportReporter -->
<testsuite name="Salesrefundmisc.Misccard" tests="1" time="394.963" ignored="0" failures="0" timestamp="23 Dec 2020 06:55:32 GMT" skipped="0" hostname="Prabha" errors="0">
  <testcase name="Misccard" time="394.963" classname="Salesrefundmisc.Misccard"/>
</testsuite> <!-- Salesrefundmisc.Misccard -->
