<?xml version="1.0" encoding="UTF-8"?>
<!-- Generated by org.testng.reporters.JUnitReportReporter -->
<testsuite name="SalesRefundPositivecases.Airpositive" tests="1" time="0.268" ignored="0" failures="0" timestamp="20 Nov 2020 04:28:12 GMT" skipped="0" hostname="Prabha" errors="1">
  <testcase name="logincheckK" time="0.268" classname="SalesRefundPositivecases.Airpositive">
    <error type="org.testng.internal.reflect.MethodMatcherException" message="
Data provider mismatch
Method: logincheckK([Parameter{index=0, type=java.lang.String, declaredAnnotations=[]}, Parameter{index=1, type=java.lang.String, declaredAnnotations=[]}, Parameter{index=2, type=java.lang.String, declaredAnnotations=[]}, Parameter{index=3, type=java.lang.String, declaredAnnotations=[]}, Parameter{index=4, type=java.lang.String, declaredAnnotations=[]}, Parameter{index=5, type=java.lang.String, declaredAnnotations=[]}, Parameter{index=6, type=java.lang.String, declaredAnnotations=[]}, Parameter{index=7, type=java.lang.String, declaredAnnotations=[]}, Parameter{index=8, type=java.lang.String, declaredAnnotations=[]}, Parameter{index=9, type=java.lang.String, declaredAnnotations=[]}, Parameter{index=10, type=java.lang.String, declaredAnnotations=[]}, Parameter{index=11, type=java.lang.String, declaredAnnotations=[]}, Parameter{index=12, type=java.lang.String, declaredAnnotations=[]}, Parameter{index=13, type=java.lang.String, declaredAnnotations=[]}, Parameter{index=14, type=java.lang.String, declaredAnnotations=[]}, Parameter{index=15, type=java.lang.String, declaredAnnotations=[]}, Parameter{index=16, type=java.lang.String, declaredAnnotations=[]}, Parameter{index=17, type=java.lang.String, declaredAnnotations=[]}, Parameter{index=18, type=java.lang.String, declaredAnnotations=[]}, Parameter{index=19, type=java.lang.String, declaredAnnotations=[]}, Parameter{index=20, type=java.lang.String, declaredAnnotations=[]}, Parameter{index=21, type=java.lang.String, declaredAnnotations=[]}, Parameter{index=22, type=java.lang.String, declaredAnnotations=[]}, Parameter{index=23, type=java.lang.String, declaredAnnotations=[]}, Parameter{index=24, type=java.lang.String, declaredAnnotations=[]}, Parameter{index=25, type=java.lang.String, declaredAnnotations=[]}, Parameter{index=26, type=java.lang.String, declaredAnnotations=[]}, Parameter{index=27, type=java.lang.String, declaredAnnotations=[]}, Parameter{index=28, type=java.lang.String, declaredAnnotations=[]}, Parameter{index=29, type=java.lang.String, declaredAnnotations=[]}, Parameter{index=30, type=java.lang.String, declaredAnnotations=[]}, Parameter{index=31, type=java.lang.String, declaredAnnotations=[]}, Parameter{index=32, type=java.lang.String, declaredAnnotations=[]}, Parameter{index=33, type=java.lang.String, declaredAnnotations=[]}, Parameter{index=34, type=java.lang.String, declaredAnnotations=[]}, Parameter{index=35, type=java.lang.String, declaredAnnotations=[]}, Parameter{index=36, type=java.lang.String, declaredAnnotations=[]}, Parameter{index=37, type=java.lang.String, declaredAnnotations=[]}, Parameter{index=38, type=java.lang.String, declaredAnnotations=[]}, Parameter{index=39, type=java.lang.String, declaredAnnotations=[]}, Parameter{index=40, type=java.lang.String, declaredAnnotations=[]}, Parameter{index=41, type=java.lang.String, declaredAnnotations=[]}, Parameter{index=42, type=java.lang.String, declaredAnnotations=[]}, Parameter{index=43, type=java.lang.String, declaredAnnotations=[]}, Parameter{index=44, type=java.lang.String, declaredAnnotations=[]}, Parameter{index=45, type=java.lang.String, declaredAnnotations=[]}, Parameter{index=46, type=java.lang.String, declaredAnnotations=[]}, Parameter{index=47, type=java.lang.String, declaredAnnotations=[]}, Parameter{index=48, type=java.lang.String, declaredAnnotations=[]}, Parameter{index=49, type=java.lang.String, declaredAnnotations=[]}, Parameter{index=50, type=java.lang.String, declaredAnnotations=[]}, Parameter{index=51, type=java.lang.String, declaredAnnotations=[]}, Parameter{index=52, type=java.lang.String, declaredAnnotations=[]}, Parameter{index=53, type=java.lang.String, declaredAnnotations=[]}, Parameter{index=54, type=java.lang.String, declaredAnnotations=[]}, Parameter{index=55, type=java.lang.String, declaredAnnotations=[]}, Parameter{index=56, type=java.lang.String, declaredAnnotations=[]}, Parameter{index=57, type=java.lang.String, declaredAnnotations=[]}, Parameter{index=58, type=java.lang.String, declaredAnnotations=[]}, Parameter{index=59, type=java.lang.String, declaredAnnotations=[]}, Parameter{index=60, type=java.lang.String, declaredAnnotations=[]}, Parameter{index=61, type=java.lang.String, declaredAnnotations=[]}, Parameter{index=62, type=java.lang.String, declaredAnnotations=[]}, Parameter{index=63, type=java.lang.String, declaredAnnotations=[]}, Parameter{index=64, type=java.lang.String, declaredAnnotations=[]}, Parameter{index=65, type=java.lang.String, declaredAnnotations=[]}, Parameter{index=66, type=java.lang.String, declaredAnnotations=[]}, Parameter{index=67, type=java.lang.String, declaredAnnotations=[]}, Parameter{index=68, type=java.lang.String, declaredAnnotations=[]}, Parameter{index=69, type=java.lang.String, declaredAnnotations=[]}, Parameter{index=70, type=java.lang.String, declaredAnnotations=[]}, Parameter{index=71, type=java.lang.String, declaredAnnotations=[]}, Parameter{index=72, type=java.lang.String, declaredAnnotations=[]}, Parameter{index=73, type=java.lang.String, declaredAnnotations=[]}, Parameter{index=74, type=java.lang.String, declaredAnnotations=[]}, Parameter{index=75, type=java.lang.String, declaredAnnotations=[]}, Parameter{index=76, type=java.lang.String, declaredAnnotations=[]}, Parameter{index=77, type=java.lang.String, declaredAnnotations=[]}, Parameter{index=78, type=java.lang.String, declaredAnnotations=[]}, Parameter{index=79, type=java.lang.String, declaredAnnotations=[]}, Parameter{index=80, type=java.lang.String, declaredAnnotations=[]}, Parameter{index=81, type=java.lang.String, declaredAnnotations=[]}, Parameter{index=82, type=java.lang.String, declaredAnnotations=[]}, Parameter{index=83, type=java.lang.String, declaredAnnotations=[]}, Parameter{index=84, type=java.lang.String, declaredAnnotations=[]}, Parameter{index=85, type=java.lang.String, declaredAnnotations=[]}, Parameter{index=86, type=java.lang.String, declaredAnnotations=[]}, Parameter{index=87, type=java.lang.String, declaredAnnotations=[]}, Parameter{index=88, type=java.lang.String, declaredAnnotations=[]}, Parameter{index=89, type=java.lang.String, declaredAnnotations=[]}])
Arguments: [(java.lang.String)CU101,(java.lang.String)P@ssw0rd,(java.lang.String)Sales / Refund,(java.lang.String)28,(java.lang.String)OCT,(java.lang.String)2020,(java.lang.String)OUTBOUND DOCKET,(java.lang.String)0,(java.lang.String)AEBR01,(java.lang.String)0,(java.lang.String)jordan,(java.lang.String)0,(java.lang.String)testt,(java.lang.String)testt,(java.lang.String)0,(java.lang.String)IndiGo,(java.lang.String)0,(java.lang.String)AE Branch 01 - Dubai,(java.lang.String)0,(java.lang.String)9210291209,(java.lang.String)0,(java.lang.String)AE - BPS ,(java.lang.String)0,(java.lang.String)AE - BPS,(java.lang.String)0,(java.lang.String)0,(java.lang.String)Pax Tickets,(java.lang.String)0,(java.lang.String)KLNMOP,(java.lang.String)0,(java.lang.String)CUS101 ,(java.lang.String)0,(java.lang.String)CUS101,(java.lang.String)0,(java.lang.String)BRANCH - Ms. Comp 2 Branch  B,(java.lang.String)0,(java.lang.String)International,(java.lang.String)0,(java.lang.String)QWRRE,(java.lang.String)BOM,(java.lang.String)0,(java.lang.String)TEST,(java.lang.String)0,(java.lang.String)23,(java.lang.String)OCT,(java.lang.String)2020,(java.lang.String)0,(java.lang.String)1000,(java.lang.String)10,(java.lang.String)TEST,(java.lang.String)AUH,(java.lang.String)0,(java.lang.String)COK,(java.lang.String)0,(java.lang.String)18,(java.lang.String)0,(java.lang.String)30,(java.lang.String)OCT,(java.lang.String)2020,null,(java.lang.String)30,(java.lang.String)OCT,(java.lang.String)2020,null,(java.lang.String)9,(java.lang.String)9,(java.lang.String)200,(java.lang.String)0,(java.lang.String)4000,(java.lang.String)DXB,(java.lang.String)Normal,(java.lang.String)0,(java.lang.String)AED,(java.lang.String)0,(java.lang.String)500,(java.lang.String)10,(java.lang.String)32IGST,(java.lang.String)0,(java.lang.String)10,(java.lang.String)ARSRV01,(java.lang.String)0,(java.lang.String)4,(java.lang.String)1,(java.lang.String)1,(java.lang.String)MR. FIXED AGENT 02,(java.lang.String)0,(java.lang.String)1,(java.lang.String)1,(java.lang.String)1,(java.lang.String)TEST,(java.lang.String)F-First Class,(java.lang.String)Normal]">
      <![CDATA[org.testng.internal.reflect.MethodMatcherException: 
Data provider mismatch
Method: logincheckK([Parameter{index=0, type=java.lang.String, declaredAnnotations=[]}, Parameter{index=1, type=java.lang.String, declaredAnnotations=[]}, Parameter{index=2, type=java.lang.String, declaredAnnotations=[]}, Parameter{index=3, type=java.lang.String, declaredAnnotations=[]}, Parameter{index=4, type=java.lang.String, declaredAnnotations=[]}, Parameter{index=5, type=java.lang.String, declaredAnnotations=[]}, Parameter{index=6, type=java.lang.String, declaredAnnotations=[]}, Parameter{index=7, type=java.lang.String, declaredAnnotations=[]}, Parameter{index=8, type=java.lang.String, declaredAnnotations=[]}, Parameter{index=9, type=java.lang.String, declaredAnnotations=[]}, Parameter{index=10, type=java.lang.String, declaredAnnotations=[]}, Parameter{index=11, type=java.lang.String, declaredAnnotations=[]}, Parameter{index=12, type=java.lang.String, declaredAnnotations=[]}, Parameter{index=13, type=java.lang.String, declaredAnnotations=[]}, Parameter{index=14, type=java.lang.String, declaredAnnotations=[]}, Parameter{index=15, type=java.lang.String, declaredAnnotations=[]}, Parameter{index=16, type=java.lang.String, declaredAnnotations=[]}, Parameter{index=17, type=java.lang.String, declaredAnnotations=[]}, Parameter{index=18, type=java.lang.String, declaredAnnotations=[]}, Parameter{index=19, type=java.lang.String, declaredAnnotations=[]}, Parameter{index=20, type=java.lang.String, declaredAnnotations=[]}, Parameter{index=21, type=java.lang.String, declaredAnnotations=[]}, Parameter{index=22, type=java.lang.String, declaredAnnotations=[]}, Parameter{index=23, type=java.lang.String, declaredAnnotations=[]}, Parameter{index=24, type=java.lang.String, declaredAnnotations=[]}, Parameter{index=25, type=java.lang.String, declaredAnnotations=[]}, Parameter{index=26, type=java.lang.String, declaredAnnotations=[]}, Parameter{index=27, type=java.lang.String, declaredAnnotations=[]}, Parameter{index=28, type=java.lang.String, declaredAnnotations=[]}, Parameter{index=29, type=java.lang.String, declaredAnnotations=[]}, Parameter{index=30, type=java.lang.String, declaredAnnotations=[]}, Parameter{index=31, type=java.lang.String, declaredAnnotations=[]}, Parameter{index=32, type=java.lang.String, declaredAnnotations=[]}, Parameter{index=33, type=java.lang.String, declaredAnnotations=[]}, Parameter{index=34, type=java.lang.String, declaredAnnotations=[]}, Parameter{index=35, type=java.lang.String, declaredAnnotations=[]}, Parameter{index=36, type=java.lang.String, declaredAnnotations=[]}, Parameter{index=37, type=java.lang.String, declaredAnnotations=[]}, Parameter{index=38, type=java.lang.String, declaredAnnotations=[]}, Parameter{index=39, type=java.lang.String, declaredAnnotations=[]}, Parameter{index=40, type=java.lang.String, declaredAnnotations=[]}, Parameter{index=41, type=java.lang.String, declaredAnnotations=[]}, Parameter{index=42, type=java.lang.String, declaredAnnotations=[]}, Parameter{index=43, type=java.lang.String, declaredAnnotations=[]}, Parameter{index=44, type=java.lang.String, declaredAnnotations=[]}, Parameter{index=45, type=java.lang.String, declaredAnnotations=[]}, Parameter{index=46, type=java.lang.String, declaredAnnotations=[]}, Parameter{index=47, type=java.lang.String, declaredAnnotations=[]}, Parameter{index=48, type=java.lang.String, declaredAnnotations=[]}, Parameter{index=49, type=java.lang.String, declaredAnnotations=[]}, Parameter{index=50, type=java.lang.String, declaredAnnotations=[]}, Parameter{index=51, type=java.lang.String, declaredAnnotations=[]}, Parameter{index=52, type=java.lang.String, declaredAnnotations=[]}, Parameter{index=53, type=java.lang.String, declaredAnnotations=[]}, Parameter{index=54, type=java.lang.String, declaredAnnotations=[]}, Parameter{index=55, type=java.lang.String, declaredAnnotations=[]}, Parameter{index=56, type=java.lang.String, declaredAnnotations=[]}, Parameter{index=57, type=java.lang.String, declaredAnnotations=[]}, Parameter{index=58, type=java.lang.String, declaredAnnotations=[]}, Parameter{index=59, type=java.lang.String, declaredAnnotations=[]}, Parameter{index=60, type=java.lang.String, declaredAnnotations=[]}, Parameter{index=61, type=java.lang.String, declaredAnnotations=[]}, Parameter{index=62, type=java.lang.String, declaredAnnotations=[]}, Parameter{index=63, type=java.lang.String, declaredAnnotations=[]}, Parameter{index=64, type=java.lang.String, declaredAnnotations=[]}, Parameter{index=65, type=java.lang.String, declaredAnnotations=[]}, Parameter{index=66, type=java.lang.String, declaredAnnotations=[]}, Parameter{index=67, type=java.lang.String, declaredAnnotations=[]}, Parameter{index=68, type=java.lang.String, declaredAnnotations=[]}, Parameter{index=69, type=java.lang.String, declaredAnnotations=[]}, Parameter{index=70, type=java.lang.String, declaredAnnotations=[]}, Parameter{index=71, type=java.lang.String, declaredAnnotations=[]}, Parameter{index=72, type=java.lang.String, declaredAnnotations=[]}, Parameter{index=73, type=java.lang.String, declaredAnnotations=[]}, Parameter{index=74, type=java.lang.String, declaredAnnotations=[]}, Parameter{index=75, type=java.lang.String, declaredAnnotations=[]}, Parameter{index=76, type=java.lang.String, declaredAnnotations=[]}, Parameter{index=77, type=java.lang.String, declaredAnnotations=[]}, Parameter{index=78, type=java.lang.String, declaredAnnotations=[]}, Parameter{index=79, type=java.lang.String, declaredAnnotations=[]}, Parameter{index=80, type=java.lang.String, declaredAnnotations=[]}, Parameter{index=81, type=java.lang.String, declaredAnnotations=[]}, Parameter{index=82, type=java.lang.String, declaredAnnotations=[]}, Parameter{index=83, type=java.lang.String, declaredAnnotations=[]}, Parameter{index=84, type=java.lang.String, declaredAnnotations=[]}, Parameter{index=85, type=java.lang.String, declaredAnnotations=[]}, Parameter{index=86, type=java.lang.String, declaredAnnotations=[]}, Parameter{index=87, type=java.lang.String, declaredAnnotations=[]}, Parameter{index=88, type=java.lang.String, declaredAnnotations=[]}, Parameter{index=89, type=java.lang.String, declaredAnnotations=[]}])
Arguments: [(java.lang.String)CU101,(java.lang.String)P@ssw0rd,(java.lang.String)Sales / Refund,(java.lang.String)28,(java.lang.String)OCT,(java.lang.String)2020,(java.lang.String)OUTBOUND DOCKET,(java.lang.String)0,(java.lang.String)AEBR01,(java.lang.String)0,(java.lang.String)jordan,(java.lang.String)0,(java.lang.String)testt,(java.lang.String)testt,(java.lang.String)0,(java.lang.String)IndiGo,(java.lang.String)0,(java.lang.String)AE Branch 01 - Dubai,(java.lang.String)0,(java.lang.String)9210291209,(java.lang.String)0,(java.lang.String)AE - BPS ,(java.lang.String)0,(java.lang.String)AE - BPS,(java.lang.String)0,(java.lang.String)0,(java.lang.String)Pax Tickets,(java.lang.String)0,(java.lang.String)KLNMOP,(java.lang.String)0,(java.lang.String)CUS101 ,(java.lang.String)0,(java.lang.String)CUS101,(java.lang.String)0,(java.lang.String)BRANCH - Ms. Comp 2 Branch  B,(java.lang.String)0,(java.lang.String)International,(java.lang.String)0,(java.lang.String)QWRRE,(java.lang.String)BOM,(java.lang.String)0,(java.lang.String)TEST,(java.lang.String)0,(java.lang.String)23,(java.lang.String)OCT,(java.lang.String)2020,(java.lang.String)0,(java.lang.String)1000,(java.lang.String)10,(java.lang.String)TEST,(java.lang.String)AUH,(java.lang.String)0,(java.lang.String)COK,(java.lang.String)0,(java.lang.String)18,(java.lang.String)0,(java.lang.String)30,(java.lang.String)OCT,(java.lang.String)2020,null,(java.lang.String)30,(java.lang.String)OCT,(java.lang.String)2020,null,(java.lang.String)9,(java.lang.String)9,(java.lang.String)200,(java.lang.String)0,(java.lang.String)4000,(java.lang.String)DXB,(java.lang.String)Normal,(java.lang.String)0,(java.lang.String)AED,(java.lang.String)0,(java.lang.String)500,(java.lang.String)10,(java.lang.String)32IGST,(java.lang.String)0,(java.lang.String)10,(java.lang.String)ARSRV01,(java.lang.String)0,(java.lang.String)4,(java.lang.String)1,(java.lang.String)1,(java.lang.String)MR. FIXED AGENT 02,(java.lang.String)0,(java.lang.String)1,(java.lang.String)1,(java.lang.String)1,(java.lang.String)TEST,(java.lang.String)F-First Class,(java.lang.String)Normal]
	at org.testng.internal.reflect.DataProviderMethodMatcher.getConformingArguments(DataProviderMethodMatcher.java:52)
	at org.testng.internal.Invoker.injectParameters(Invoker.java:1278)
	at org.testng.internal.Invoker.invokeTestMethods(Invoker.java:1171)
	at org.testng.internal.TestMethodWorker.invokeTestMethods(TestMethodWorker.java:129)
	at org.testng.internal.TestMethodWorker.run(TestMethodWorker.java:112)
	at org.testng.TestRunner.privateRun(TestRunner.java:756)
	at org.testng.TestRunner.run(TestRunner.java:610)
	at org.testng.SuiteRunner.runTest(SuiteRunner.java:387)
	at org.testng.SuiteRunner.runSequentially(SuiteRunner.java:382)
	at org.testng.SuiteRunner.privateRun(SuiteRunner.java:340)
	at org.testng.SuiteRunner.run(SuiteRunner.java:289)
	at org.testng.SuiteRunnerWorker.runSuite(SuiteRunnerWorker.java:52)
	at org.testng.SuiteRunnerWorker.run(SuiteRunnerWorker.java:86)
	at org.testng.TestNG.runSuitesSequentially(TestNG.java:1293)
	at org.testng.TestNG.runSuitesLocally(TestNG.java:1218)
	at org.testng.TestNG.runSuites(TestNG.java:1133)
	at org.testng.TestNG.run(TestNG.java:1104)
	at org.testng.remote.AbstractRemoteTestNG.run(AbstractRemoteTestNG.java:132)
	at org.testng.remote.RemoteTestNG.initAndRun(RemoteTestNG.java:236)
	at org.testng.remote.RemoteTestNG.main(RemoteTestNG.java:81)
]]>
    </error>
  </testcase> <!-- logincheckK -->
</testsuite> <!-- SalesRefundPositivecases.Airpositive -->
