<?xml version="1.0" encoding="UTF-8"?>
<!-- Generated by org.testng.reporters.JUnitReportReporter -->
<testsuite name="travlogixnegativescenarios.Vatsetupnegativescenarios" tests="1" time="490.650" ignored="0" failures="0" timestamp="30 Nov 2020 18:00:08 GMT" skipped="0" hostname="Prabha" errors="0">
  <testcase name="Vatsetupnegativescenarios" time="490.650" classname="travlogixnegativescenarios.Vatsetupnegativescenarios"/>
</testsuite> <!-- travlogixnegativescenarios.Vatsetupnegativescenarios -->
