<?xml version="1.0" encoding="UTF-8"?>
<!-- Generated by org.testng.reporters.JUnitReportReporter -->
<testsuite name="travlogixnegativescenarios.Hotelscrulenegative" tests="1" time="532.025" ignored="0" failures="0" timestamp="19 Oct 2020 19:37:30 GMT" skipped="0" hostname="Prabha" errors="0">
  <testcase name="logincheckK" time="532.025" classname="travlogixnegativescenarios.Hotelscrulenegative"/>
</testsuite> <!-- travlogixnegativescenarios.Hotelscrulenegative -->
