<?xml version="1.0" encoding="UTF-8"?>
<!-- Generated by org.testng.reporters.JUnitReportReporter -->
<testsuite name="Salesrefundmisc.MiscGL" tests="1" time="376.724" ignored="0" failures="0" timestamp="26 Nov 2020 20:05:51 GMT" skipped="0" hostname="Prabha" errors="0">
  <testcase name="logincheckK" time="376.724" classname="Salesrefundmisc.MiscGL"/>
</testsuite> <!-- Salesrefundmisc.MiscGL -->
