<?xml version="1.0" encoding="UTF-8"?>
<!-- Generated by org.testng.reporters.JUnitReportReporter -->
<testsuite name="travlogix.AirServiceCharge" tests="1" time="163.933" ignored="0" failures="0" timestamp="16 Oct 2020 13:55:23 GMT" skipped="0" hostname="Prabha" errors="0">
  <testcase name="logincheckK" time="163.933" classname="travlogix.AirServiceCharge"/>
</testsuite> <!-- travlogix.AirServiceCharge -->
