<?xml version="1.0" encoding="UTF-8"?>
<!-- Generated by org.testng.reporters.JUnitReportReporter -->
<testsuite name="SalesRefundPositivecases.Misccredit" tests="1" time="384.990" ignored="0" failures="0" timestamp="11 Nov 2020 05:27:58 GMT" skipped="0" hostname="Prabha" errors="0">
  <testcase name="logincheckK" time="384.990" classname="SalesRefundPositivecases.Misccredit"/>
</testsuite> <!-- SalesRefundPositivecases.Misccredit -->
