<?xml version="1.0" encoding="UTF-8"?>
<!-- Generated by org.testng.reporters.JUnitReportReporter -->
<testsuite name="SalesRefundPositivecases.Hotelpositive" tests="1" time="236.236" ignored="0" failures="0" timestamp="04 Nov 2020 17:30:35 GMT" skipped="0" hostname="Prabha" errors="0">
  <testcase name="logincheckK" time="236.236" classname="SalesRefundPositivecases.Hotelpositive"/>
</testsuite> <!-- SalesRefundPositivecases.Hotelpositive -->
