<?xml version="1.0" encoding="UTF-8"?>
<!-- Generated by org.testng.reporters.JUnitReportReporter -->
<testsuite name="Salesrefundmisc.Miscgift" tests="1" time="393.250" ignored="0" failures="0" timestamp="23 Dec 2020 07:21:35 GMT" skipped="0" hostname="Prabha" errors="0">
  <testcase name="Miscgift" time="393.250" classname="Salesrefundmisc.Miscgift"/>
</testsuite> <!-- Salesrefundmisc.Miscgift -->
