<?xml version="1.0" encoding="UTF-8"?>
<!-- Generated by org.testng.reporters.JUnitReportReporter -->
<testsuite name="travlogix.Accountsetup" tests="1" time="177.664" ignored="0" failures="0" timestamp="22 Oct 2020 17:03:15 GMT" skipped="0" hostname="Prabha" errors="0">
  <testcase name="logincheckK" time="177.664" classname="travlogix.Accountsetup"/>
</testsuite> <!-- travlogix.Accountsetup -->
