<?xml version="1.0" encoding="UTF-8"?>
<!-- Generated by org.testng.reporters.JUnitReportReporter -->
<testsuite hostname="Prabha" name="invoicegenerations.invoicegenerations" tests="1" failures="0" timestamp="24 Dec 2020 14:35:05 GMT" time="392.653" errors="0">
  <testcase name="invoicegenerations" time="392.653" classname="invoicegenerations.invoicegenerations"/>
</testsuite> <!-- invoicegenerations.invoicegenerations -->
