<?xml version="1.0" encoding="UTF-8"?>
<!-- Generated by org.testng.reporters.JUnitReportReporter -->
<testsuite hostname="Prabha" name="Salesrefundcar.Carbookingift" tests="1" failures="0" timestamp="24 Dec 2020 15:12:41 GMT" time="490.342" errors="0">
  <testcase name="Carbookingift" time="490.342" classname="Salesrefundcar.Carbookingift"/>
</testsuite> <!-- Salesrefundcar.Carbookingift -->
