<?xml version="1.0" encoding="UTF-8"?>
<!-- Generated by org.testng.reporters.JUnitReportReporter -->
<testsuite name="SalesRefundPositivecases.Hotelpositivecash" tests="1" time="452.637" ignored="0" failures="0" timestamp="05 Nov 2020 18:27:07 GMT" skipped="0" hostname="Prabha" errors="0">
  <testcase name="logincheckK" time="452.637" classname="SalesRefundPositivecases.Hotelpositivecash"/>
</testsuite> <!-- SalesRefundPositivecases.Hotelpositivecash -->
