<?xml version="1.0" encoding="UTF-8"?>
<!-- Generated by org.testng.reporters.JUnitReportReporter -->
<testsuite name="SalesRefundPositivecases.Hotelpositive" tests="1" time="431.296" ignored="0" failures="0" timestamp="17 Nov 2020 17:15:38 GMT" skipped="0" hostname="Prabha" errors="0">
  <testcase name="logincheckK" time="431.296" classname="SalesRefundPositivecases.Hotelpositive"/>
</testsuite> <!-- SalesRefundPositivecases.Hotelpositive -->
