<?xml version="1.0" encoding="UTF-8"?>
<!-- Generated by org.testng.reporters.JUnitReportReporter -->
<testsuite hostname="Prabha" name="Salesrefundcar.Carbookinguccf" tests="1" failures="0" timestamp="24 Dec 2020 15:22:26 GMT" time="579.530" errors="0">
  <testcase name="Carbookinguccf" time="579.530" classname="Salesrefundcar.Carbookinguccf"/>
</testsuite> <!-- Salesrefundcar.Carbookinguccf -->
