<?xml version="1.0" encoding="UTF-8"?>
<!-- Generated by org.testng.reporters.JUnitReportReporter -->
<testsuite name="travlogixnegativescenarios.Taxnegativescenarios" tests="1" time="82.562" ignored="0" failures="0" timestamp="09 Nov 2020 21:18:16 GMT" skipped="0" hostname="Prabha" errors="0">
  <testcase name="logincheckK" time="82.562" classname="travlogixnegativescenarios.Taxnegativescenarios"/>
</testsuite> <!-- travlogixnegativescenarios.Taxnegativescenarios -->
