<?xml version="1.0" encoding="UTF-8"?>
<!-- Generated by org.testng.reporters.JUnitReportReporter -->
<testsuite hostname="Prabha" name="Hotelcreditcashcarduccf.HotelCashCard" tests="1" failures="0" timestamp="24 Dec 2020 13:16:19 GMT" time="612.784" errors="0">
  <testcase name="HotelCashCard" time="612.784" classname="Hotelcreditcashcarduccf.HotelCashCard"/>
</testsuite> <!-- Hotelcreditcashcarduccf.HotelCashCard -->
