<?xml version="1.0" encoding="UTF-8"?>
<!-- Generated by org.testng.reporters.JUnitReportReporter -->
<testsuite name="SalesrefundAir.Airpositivecreditcard" tests="1" time="604.035" ignored="0" failures="0" timestamp="06 Dec 2020 16:13:11 GMT" skipped="0" hostname="Prabha" errors="0">
  <testcase name="Airpositivecreditcard" time="604.035" classname="SalesrefundAir.Airpositivecreditcard"/>
</testsuite> <!-- SalesrefundAir.Airpositivecreditcard -->
