<?xml version="1.0" encoding="UTF-8"?>
<!-- Generated by org.testng.reporters.JUnitReportReporter -->
<testsuite name="Salesrefundcar.Carbookingcard" tests="1" time="522.675" ignored="0" failures="0" timestamp="06 Dec 2020 15:56:58 GMT" skipped="0" hostname="Prabha" errors="0">
  <testcase name="logincheckK" time="522.675" classname="Salesrefundcar.Carbookingcard"/>
</testsuite> <!-- Salesrefundcar.Carbookingcard -->
