<?xml version="1.0" encoding="UTF-8"?>
<!-- Generated by org.testng.reporters.JUnitReportReporter -->
<testsuite name="travlogixnegativescenarios.Taxnegativescenarios" tests="1" time="94.304" ignored="0" failures="0" timestamp="30 Nov 2020 18:00:08 GMT" skipped="0" hostname="Prabha" errors="0">
  <testcase name="Taxnegativescenarios" time="94.304" classname="travlogixnegativescenarios.Taxnegativescenarios"/>
</testsuite> <!-- travlogixnegativescenarios.Taxnegativescenarios -->
