<?xml version="1.0" encoding="UTF-8"?>
<!-- Generated by org.testng.reporters.JUnitReportReporter -->
<testsuite name="travlogix.BusinessPartner" tests="1" time="739.530" ignored="0" failures="0" timestamp="12 Nov 2020 07:12:41 GMT" skipped="0" hostname="Prabha" errors="0">
  <testcase name="logincheckK" time="739.530" classname="travlogix.BusinessPartner"/>
</testsuite> <!-- travlogix.BusinessPartner -->
