<?xml version="1.0" encoding="UTF-8"?>
<!-- Generated by org.testng.reporters.JUnitReportReporter -->
<testsuite name="SalesRefundPositivecases.Misccash" tests="1" time="395.218" ignored="0" failures="0" timestamp="14 Dec 2020 18:02:56 GMT" skipped="0" hostname="Prabha" errors="0">
  <testcase name="logincheckK" time="395.218" classname="SalesRefundPositivecases.Misccash"/>
</testsuite> <!-- SalesRefundPositivecases.Misccash -->
