<?xml version="1.0" encoding="UTF-8"?>
<!-- Generated by org.testng.reporters.JUnitReportReporter -->
<testsuite name="Hotelcreditcashcarduccf.HotelCreditCash" tests="1" time="891.497" ignored="0" failures="0" timestamp="22 Dec 2020 16:15:55 GMT" skipped="0" hostname="Prabha" errors="0">
  <testcase name="HotelCreditCash" time="891.497" classname="Hotelcreditcashcarduccf.HotelCreditCash"/>
</testsuite> <!-- Hotelcreditcashcarduccf.HotelCreditCash -->
