<?xml version="1.0" encoding="UTF-8"?>
<!-- Generated by org.testng.reporters.JUnitReportReporter -->
<testsuite name="SalesRefundPositivecases.Hotelpositivecash" tests="1" time="429.800" ignored="0" failures="0" timestamp="24 Nov 2020 07:14:38 GMT" skipped="0" hostname="Prabha" errors="0">
  <testcase name="logincheckK" time="429.800" classname="SalesRefundPositivecases.Hotelpositivecash"/>
</testsuite> <!-- SalesRefundPositivecases.Hotelpositivecash -->
