<?xml version="1.0" encoding="UTF-8"?>
<!-- Generated by org.testng.reporters.JUnitReportReporter -->
<testsuite name="Refund.Miscrefund" tests="1" time="618.154" ignored="0" failures="0" timestamp="19 Dec 2020 00:14:38 GMT" skipped="0" hostname="Prabha" errors="0">
  <testcase name="Miscrefund" time="618.154" classname="Refund.Miscrefund"/>
</testsuite> <!-- Refund.Miscrefund -->
