<?xml version="1.0" encoding="UTF-8"?>
<!-- Generated by org.testng.reporters.JUnitReportReporter -->
<testsuite name="SalesRefundPositivecases.Misccredit" tests="1" time="370.508" ignored="0" failures="0" timestamp="14 Dec 2020 18:02:56 GMT" skipped="0" hostname="Prabha" errors="0">
  <testcase name="logincheckK" time="370.508" classname="SalesRefundPositivecases.Misccredit"/>
</testsuite> <!-- SalesRefundPositivecases.Misccredit -->
