<?xml version="1.0" encoding="UTF-8"?>
<!-- Generated by org.testng.reporters.JUnitReportReporter -->
<testsuite name="travlogix.Hotelservicecharge" tests="1" time="149.018" ignored="0" failures="0" timestamp="17 Oct 2020 08:24:40 GMT" skipped="0" hostname="Prabha" errors="0">
  <testcase name="logincheckK" time="149.018" classname="travlogix.Hotelservicecharge"/>
</testsuite> <!-- travlogix.Hotelservicecharge -->
