<?xml version="1.0" encoding="UTF-8"?>
<!-- Generated by org.testng.reporters.JUnitReportReporter -->
<testsuite name="Misccreditcashcarduccf.MiscCreditCash" tests="1" time="477.882" ignored="0" failures="0" timestamp="23 Dec 2020 18:18:12 GMT" skipped="0" hostname="Prabha" errors="0">
  <testcase name="MiscCreditCash" time="477.882" classname="Misccreditcashcarduccf.MiscCreditCash"/>
</testsuite> <!-- Misccreditcashcarduccf.MiscCreditCash -->
