<?xml version="1.0" encoding="UTF-8"?>
<!-- Generated by org.testng.reporters.JUnitReportReporter -->
<testsuite hostname="Prabha" name="AllFop.Miscallfops" tests="1" failures="0" timestamp="24 Dec 2020 12:25:19 GMT" time="562.050" errors="0">
  <testcase name="Miscallfops" time="562.050" classname="AllFop.Miscallfops"/>
</testsuite> <!-- AllFop.Miscallfops -->
