<?xml version="1.0" encoding="UTF-8"?>
<!-- Generated by org.testng.reporters.JUnitReportReporter -->
<testsuite hostname="Prabha" name="Copytickectverifications.Aircopytickect" tests="1" failures="1" timestamp="20 Nov 2020 07:34:39 GMT" time="321.072" errors="0">
  <testcase name="Aircopytickect" time="321.072" classname="Copytickectverifications.Aircopytickect">
    <failure type="atu.testng.reports.exceptions.ATUReporterStepFailedException">
      <![CDATA[[ATU Custom Reporter Step Failed Exception]
	at atu.testng.reports.listeners.ATUReportsListener.onTestSuccess(Unknown Source)
	at org.testng.internal.Invoker.runTestListeners(Invoker.java:1899)
	at org.testng.internal.Invoker.runTestListeners(Invoker.java:1879)
	at org.testng.internal.Invoker.invokeMethod(Invoker.java:778)
	at org.testng.internal.Invoker.invokeTestMethod(Invoker.java:901)
	at org.testng.internal.Invoker.invokeTestMethods(Invoker.java:1231)
	at org.testng.internal.TestMethodWorker.invokeTestMethods(TestMethodWorker.java:127)
	at org.testng.internal.TestMethodWorker.run(TestMethodWorker.java:111)
	at org.testng.TestRunner.privateRun(TestRunner.java:767)
	at org.testng.TestRunner.run(TestRunner.java:617)
	at org.testng.SuiteRunner.runTest(SuiteRunner.java:334)
	at org.testng.SuiteRunner.runSequentially(SuiteRunner.java:329)
	at org.testng.SuiteRunner.privateRun(SuiteRunner.java:291)
	at org.testng.SuiteRunner.run(SuiteRunner.java:240)
	at org.testng.SuiteRunnerWorker.runSuite(SuiteRunnerWorker.java:52)
	at org.testng.SuiteRunnerWorker.run(SuiteRunnerWorker.java:86)
	at org.testng.TestNG.runSuitesSequentially(TestNG.java:1224)
	at org.testng.TestNG.runSuitesLocally(TestNG.java:1149)
	at org.testng.TestNG.run(TestNG.java:1057)
	at org.testng.TestNG.privateMain(TestNG.java:1364)
	at org.testng.TestNG.main(TestNG.java:1333)
]]>
    </failure>
  </testcase> <!-- Aircopytickect -->
</testsuite> <!-- Copytickectverifications.Aircopytickect -->
