<?xml version="1.0" encoding="UTF-8"?>
<!-- Generated by org.testng.reporters.JUnitReportReporter -->
<testsuite name="travlogix.Authorization" tests="1" time="125.974" ignored="0" failures="0" timestamp="16 Nov 2020 08:52:35 GMT" skipped="0" hostname="Prabha" errors="0">
  <testcase name="logincheckK" time="125.974" classname="travlogix.Authorization"/>
</testsuite> <!-- travlogix.Authorization -->
