<?xml version="1.0" encoding="UTF-8"?>
<!-- Generated by org.testng.reporters.JUnitReportReporter -->
<testsuite name="Salesrefundmisc.MiscGL" tests="1" time="406.726" ignored="0" failures="0" timestamp="13 Dec 2020 18:07:47 GMT" skipped="0" hostname="Prabha" errors="0">
  <testcase name="logincheckK" time="406.726" classname="Salesrefundmisc.MiscGL"/>
</testsuite> <!-- Salesrefundmisc.MiscGL -->
