<?xml version="1.0" encoding="UTF-8"?>
<!-- Generated by org.testng.reporters.JUnitReportReporter -->
<testsuite hostname="Prabha" name="SalesrefundAir.Airpositivecreditcard" tests="1" failures="0" timestamp="23 Nov 2020 05:04:36 GMT" time="606.566" errors="0">
  <testcase name="Airpositive" time="606.566" classname="SalesrefundAir.Airpositivecreditcard"/>
</testsuite> <!-- SalesrefundAir.Airpositivecreditcard -->
