<?xml version="1.0" encoding="UTF-8"?>
<!-- Generated by org.testng.reporters.JUnitReportReporter -->
<testsuite hostname="Prabha" name="Misccreditcashcarduccf.MiscCashCard" tests="1" failures="0" timestamp="24 Dec 2020 13:30:47 GMT" time="525.737" errors="0">
  <testcase name="MiscCashCard" time="525.737" classname="Misccreditcashcarduccf.MiscCashCard"/>
</testsuite> <!-- Misccreditcashcarduccf.MiscCashCard -->
