<?xml version="1.0" encoding="UTF-8"?>
<!-- Generated by org.testng.reporters.JUnitReportReporter -->
<testsuite name="travlogix.BusinessPartner" tests="1" time="749.186" ignored="0" failures="0" timestamp="05 Oct 2020 17:45:40 GMT" skipped="0" hostname="Prabha" errors="0">
  <testcase name="logincheckK" time="749.186" classname="travlogix.BusinessPartner"/>
</testsuite> <!-- travlogix.BusinessPartner -->
