<?xml version="1.0" encoding="UTF-8"?>
<!-- Generated by org.testng.reporters.JUnitReportReporter -->
<testsuite name="travlogixnegativescenarios.Carmasternegativescenarios" tests="1" time="133.954" ignored="0" failures="0" timestamp="30 Nov 2020 18:00:09 GMT" skipped="0" hostname="Prabha" errors="0">
  <testcase name="Carmasternegativescenarios" time="133.954" classname="travlogixnegativescenarios.Carmasternegativescenarios"/>
</testsuite> <!-- travlogixnegativescenarios.Carmasternegativescenarios -->
