<?xml version="1.0" encoding="UTF-8"?>
<!-- Generated by org.testng.reporters.JUnitReportReporter -->
<testsuite name="Salesrefundmisc.Misccard" tests="1" time="396.381" ignored="0" failures="0" timestamp="26 Nov 2020 19:15:07 GMT" skipped="0" hostname="Prabha" errors="0">
  <testcase name="logincheckK" time="396.381" classname="Salesrefundmisc.Misccard"/>
</testsuite> <!-- Salesrefundmisc.Misccard -->
