<?xml version="1.0" encoding="UTF-8"?>
<!-- Generated by org.testng.reporters.JUnitReportReporter -->
<testsuite name="travlogixnegativescenarios.Travelclassnegativescenarios" tests="1" time="108.063" ignored="0" failures="0" timestamp="14 Dec 2020 17:01:36 GMT" skipped="0" hostname="Prabha" errors="0">
  <testcase name="Travelclassnegativescenarios" time="108.063" classname="travlogixnegativescenarios.Travelclassnegativescenarios"/>
</testsuite> <!-- travlogixnegativescenarios.Travelclassnegativescenarios -->
