<?xml version="1.0" encoding="UTF-8"?>
<!-- Generated by org.testng.reporters.JUnitReportReporter -->
<testsuite name="Salesrefundcar.CarbookingGL" tests="1" time="501.336" ignored="0" failures="0" timestamp="05 Dec 2020 15:14:04 GMT" skipped="0" hostname="Prabha" errors="0">
  <testcase name="logincheckK" time="501.336" classname="Salesrefundcar.CarbookingGL"/>
</testsuite> <!-- Salesrefundcar.CarbookingGL -->
