<?xml version="1.0" encoding="UTF-8"?>
<!-- Generated by org.testng.reporters.JUnitReportReporter -->
<testsuite name="Ticketquery.Ticketquery" tests="1" time="376.911" ignored="0" failures="0" timestamp="24 Dec 2020 07:25:10 GMT" skipped="0" hostname="Prabha" errors="0">
  <testcase name="Ticketquery" time="376.911" classname="Ticketquery.Ticketquery"/>
</testsuite> <!-- Ticketquery.Ticketquery -->
