<?xml version="1.0" encoding="UTF-8"?>
<!-- Generated by org.testng.reporters.JUnitReportReporter -->
<testsuite name="Aircreditcashcarduccf.CreditUCCF" tests="1" time="575.234" ignored="0" failures="0" timestamp="23 Dec 2020 06:04:41 GMT" skipped="0" hostname="Prabha" errors="0">
  <testcase name="CreditUCCF" time="575.234" classname="Aircreditcashcarduccf.CreditUCCF"/>
</testsuite> <!-- Aircreditcashcarduccf.CreditUCCF -->
