<?xml version="1.0" encoding="UTF-8"?>
<!-- Generated by org.testng.reporters.JUnitReportReporter -->
<testsuite name="travlogix.Accountsetup" tests="1" time="159.772" ignored="0" failures="0" timestamp="15 Nov 2020 19:05:20 GMT" skipped="0" hostname="Prabha" errors="0">
  <testcase name="logincheckK" time="159.772" classname="travlogix.Accountsetup"/>
</testsuite> <!-- travlogix.Accountsetup -->
