<?xml version="1.0" encoding="UTF-8"?>
<!-- Generated by org.testng.reporters.JUnitReportReporter -->
<testsuite name="Salesrefunddockectstatus.Docketstatusnew" tests="1" time="145.680" ignored="0" failures="0" timestamp="29 Nov 2020 19:45:06 GMT" skipped="0" hostname="Prabha" errors="0">
  <testcase name="Aircopytickect" time="145.680" classname="Salesrefunddockectstatus.Docketstatusnew"/>
</testsuite> <!-- Salesrefunddockectstatus.Docketstatusnew -->
