<?xml version="1.0" encoding="UTF-8"?>
<!-- Generated by org.testng.reporters.JUnitReportReporter -->
<testsuite name="SalesRefundPositivecases.CarPositivecash" tests="1" time="477.234" ignored="0" failures="0" timestamp="20 Nov 2020 04:28:12 GMT" skipped="0" hostname="Prabha" errors="0">
  <testcase name="logincheckK" time="477.234" classname="SalesRefundPositivecases.CarPositivecash"/>
</testsuite> <!-- SalesRefundPositivecases.CarPositivecash -->
