<?xml version="1.0" encoding="UTF-8"?>
<!-- Generated by org.testng.reporters.JUnitReportReporter -->
<testsuite name="travlogix.AirServiceChargeRule" tests="1" time="146.369" ignored="0" failures="0" timestamp="20 Nov 2020 20:34:11 GMT" skipped="0" hostname="Prabha" errors="0">
  <testcase name="logincheckK" time="146.369" classname="travlogix.AirServiceChargeRule"/>
</testsuite> <!-- travlogix.AirServiceChargeRule -->
