<?xml version="1.0" encoding="UTF-8"?>
<!-- Generated by org.testng.reporters.JUnitReportReporter -->
<testsuite name="travlogix.HotelMaster" tests="1" time="189.455" ignored="0" failures="0" timestamp="16 Nov 2020 08:52:35 GMT" skipped="0" hostname="Prabha" errors="0">
  <testcase name="logincheckK" time="189.455" classname="travlogix.HotelMaster"/>
</testsuite> <!-- travlogix.HotelMaster -->
