<?xml version="1.0" encoding="UTF-8"?>
<!-- Generated by org.testng.reporters.JUnitReportReporter -->
<testsuite name="travlogix.Carmaster" tests="1" time="126.588" ignored="0" failures="0" timestamp="12 Oct 2020 07:27:37 GMT" skipped="0" hostname="Prabha" errors="0">
  <testcase name="logincheckK" time="126.588" classname="travlogix.Carmaster"/>
</testsuite> <!-- travlogix.Carmaster -->
