<?xml version="1.0" encoding="UTF-8"?>
<!-- Generated by org.testng.reporters.JUnitReportReporter -->
<testsuite name="Salesrefundmisc.MiscGL" tests="1" time="379.988" ignored="0" failures="0" timestamp="05 Dec 2020 15:14:04 GMT" skipped="0" hostname="Prabha" errors="0">
  <testcase name="logincheckK" time="379.988" classname="Salesrefundmisc.MiscGL"/>
</testsuite> <!-- Salesrefundmisc.MiscGL -->
