<?xml version="1.0" encoding="UTF-8"?>
<!-- Generated by org.testng.reporters.JUnitReportReporter -->
<testsuite name="Salesrefundmisc.Misccard" tests="1" time="399.637" ignored="0" failures="0" timestamp="30 Nov 2020 05:31:11 GMT" skipped="0" hostname="Prabha" errors="0">
  <testcase name="logincheckK" time="399.637" classname="Salesrefundmisc.Misccard"/>
</testsuite> <!-- Salesrefundmisc.Misccard -->
