<?xml version="1.0" encoding="UTF-8"?>
<!-- Generated by org.testng.reporters.JUnitReportReporter -->
<testsuite name="travlogix.Agentincentive" tests="1" time="177.180" ignored="0" failures="0" timestamp="22 Oct 2020 09:58:46 GMT" skipped="0" hostname="Prabha" errors="0">
  <testcase name="logincheckK" time="177.180" classname="travlogix.Agentincentive"/>
</testsuite> <!-- travlogix.Agentincentive -->
