<?xml version="1.0" encoding="UTF-8"?>
<!-- Generated by org.testng.reporters.JUnitReportReporter -->
<testsuite name="Voidticket.Voidticket" tests="1" time="156.960" ignored="0" failures="0" timestamp="15 Dec 2020 20:36:33 GMT" skipped="0" hostname="Prabha" errors="0">
  <testcase name="Airpositive" time="156.960" classname="Voidticket.Voidticket"/>
</testsuite> <!-- Voidticket.Voidticket -->
