<?xml version="1.0" encoding="UTF-8"?>
<!-- Generated by org.testng.reporters.JUnitReportReporter -->
<testsuite name="travlogix.Authorization" tests="1" time="115.807" ignored="0" failures="0" timestamp="20 Nov 2020 20:37:40 GMT" skipped="0" hostname="Prabha" errors="0">
  <testcase name="logincheckK" time="115.807" classname="travlogix.Authorization"/>
</testsuite> <!-- travlogix.Authorization -->
