<?xml version="1.0" encoding="UTF-8"?>
<!-- Generated by org.testng.reporters.JUnitReportReporter -->
<testsuite name="SalesrefundAir.AirpositiveGL" tests="1" time="593.011" ignored="0" failures="0" timestamp="30 Nov 2020 15:13:17 GMT" skipped="0" hostname="Prabha" errors="0">
  <testcase name="AirpositiveGL" time="593.011" classname="SalesrefundAir.AirpositiveGL"/>
</testsuite> <!-- SalesrefundAir.AirpositiveGL -->
