<?xml version="1.0" encoding="UTF-8"?>
<!-- Generated by org.testng.reporters.JUnitReportReporter -->
<testsuite name="travlogix.BusinessPartnersupplier" tests="1" time="732.868" ignored="0" failures="0" timestamp="05 Oct 2020 18:33:25 GMT" skipped="0" hostname="Prabha" errors="0">
  <testcase name="logincheckK" time="732.868" classname="travlogix.BusinessPartnersupplier"/>
</testsuite> <!-- travlogix.BusinessPartnersupplier -->
