<?xml version="1.0" encoding="UTF-8"?>
<!-- Generated by org.testng.reporters.JUnitReportReporter -->
<testsuite name="Salesrefunddockectstatus.Notcollected" tests="1" time="312.891" ignored="0" failures="0" timestamp="30 Nov 2020 09:03:37 GMT" skipped="0" hostname="Prabha" errors="0">
  <testcase name="Aircopytickect" time="312.891" classname="Salesrefunddockectstatus.Notcollected"/>
</testsuite> <!-- Salesrefunddockectstatus.Notcollected -->
