<?xml version="1.0" encoding="UTF-8"?>
<!-- Generated by org.testng.reporters.JUnitReportReporter -->
<testsuite name="Salesrefundcar.CarbookingGL" tests="1" time="529.855" ignored="0" failures="0" timestamp="27 Nov 2020 09:40:31 GMT" skipped="0" hostname="Prabha" errors="0">
  <testcase name="logincheckK" time="529.855" classname="Salesrefundcar.CarbookingGL"/>
</testsuite> <!-- Salesrefundcar.CarbookingGL -->
