<?xml version="1.0" encoding="UTF-8"?>
<!-- Generated by org.testng.reporters.JUnitReportReporter -->
<testsuite name="SalesRefundPositivecases.Misccash" tests="1" time="369.838" ignored="0" failures="0" timestamp="09 Nov 2020 11:25:39 GMT" skipped="0" hostname="Prabha" errors="0">
  <testcase name="logincheckK" time="369.838" classname="SalesRefundPositivecases.Misccash"/>
</testsuite> <!-- SalesRefundPositivecases.Misccash -->
