<?xml version="1.0" encoding="UTF-8"?>
<!-- Generated by org.testng.reporters.JUnitReportReporter -->
<testsuite name="SalesrefundAir.Airpositive" tests="1" time="556.551" ignored="0" failures="0" timestamp="05 Dec 2020 11:11:23 GMT" skipped="0" hostname="Prabha" errors="0">
  <testcase name="Airpositive" time="556.551" classname="SalesrefundAir.Airpositive"/>
</testsuite> <!-- SalesrefundAir.Airpositive -->
