<?xml version="1.0" encoding="UTF-8"?>
<!-- Generated by org.testng.reporters.JUnitReportReporter -->
<testsuite name="SalesRefundPositivecases.Hotelpositivecash" tests="1" time="449.736" ignored="0" failures="0" timestamp="20 Nov 2020 04:28:12 GMT" skipped="0" hostname="Prabha" errors="0">
  <testcase name="logincheckK" time="449.736" classname="SalesRefundPositivecases.Hotelpositivecash"/>
</testsuite> <!-- SalesRefundPositivecases.Hotelpositivecash -->
