<?xml version="1.0" encoding="UTF-8"?>
<!-- Generated by org.testng.reporters.JUnitReportReporter -->
<testsuite name="Salesrefundcar.Carbookingcard" tests="1" time="506.538" ignored="0" failures="0" timestamp="27 Nov 2020 09:40:30 GMT" skipped="0" hostname="Prabha" errors="0">
  <testcase name="logincheckK" time="506.538" classname="Salesrefundcar.Carbookingcard"/>
</testsuite> <!-- Salesrefundcar.Carbookingcard -->
