<?xml version="1.0" encoding="UTF-8"?>
<!-- Generated by org.testng.reporters.JUnitReportReporter -->
<testsuite name="travlogix.Agentincentive" tests="1" time="133.953" ignored="0" failures="0" timestamp="20 Nov 2020 20:07:40 GMT" skipped="0" hostname="Prabha" errors="0">
  <testcase name="logincheckK" time="133.953" classname="travlogix.Agentincentive"/>
</testsuite> <!-- travlogix.Agentincentive -->
