<?xml version="1.0" encoding="UTF-8"?>
<!-- Generated by org.testng.reporters.JUnitReportReporter -->
<testsuite name="Salesrefundallservicesindocket.Airpositive" tests="1" time="546.342" ignored="0" failures="0" timestamp="10 Dec 2020 07:47:44 GMT" skipped="0" hostname="Prabha" errors="0">
  <testcase name="Airpositive" time="546.342" classname="Salesrefundallservicesindocket.Airpositive"/>
</testsuite> <!-- Salesrefundallservicesindocket.Airpositive -->
