<?xml version="1.0" encoding="UTF-8"?>
<!-- Generated by org.testng.reporters.JUnitReportReporter -->
<testsuite name="SalesrefundHotel.Hotelnegative" tests="1" time="534.090" ignored="0" failures="0" timestamp="23 Nov 2020 11:18:10 GMT" skipped="0" hostname="Prabha" errors="0">
  <testcase name="Hotelnegative" time="534.090" classname="SalesrefundHotel.Hotelnegative"/>
</testsuite> <!-- SalesrefundHotel.Hotelnegative -->
