<?xml version="1.0" encoding="UTF-8"?>
<!-- Generated by org.testng.reporters.JUnitReportReporter -->
<testsuite name="travlogixnegativescenarios.Travelclassnegativescenarios" tests="1" time="85.960" ignored="0" failures="0" timestamp="09 Nov 2020 21:18:17 GMT" skipped="0" hostname="Prabha" errors="0">
  <testcase name="logincheckK" time="85.960" classname="travlogixnegativescenarios.Travelclassnegativescenarios"/>
</testsuite> <!-- travlogixnegativescenarios.Travelclassnegativescenarios -->
