<?xml version="1.0" encoding="UTF-8"?>
<!-- Generated by org.testng.reporters.JUnitReportReporter -->
<testsuite name="travlogix.CreditCardMaster" tests="1" time="145.096" ignored="0" failures="0" timestamp="12 Oct 2020 08:29:32 GMT" skipped="0" hostname="Prabha" errors="0">
  <testcase name="logincheckK" time="145.096" classname="travlogix.CreditCardMaster"/>
</testsuite> <!-- travlogix.CreditCardMaster -->
