<?xml version="1.0" encoding="UTF-8"?>
<!-- Generated by org.testng.reporters.JUnitReportReporter -->
<testsuite name="SalesrefundAir.Airpositivecredit" tests="1" time="502.932" ignored="0" failures="0" timestamp="30 Nov 2020 14:01:47 GMT" skipped="0" hostname="Prabha" errors="0">
  <testcase name="Airpositivecredit" time="502.932" classname="SalesrefundAir.Airpositivecredit"/>
</testsuite> <!-- SalesrefundAir.Airpositivecredit -->
