<?xml version="1.0" encoding="UTF-8"?>
<!-- Generated by org.testng.reporters.JUnitReportReporter -->
<testsuite name="travlogixnegativescenarios.Carmasternegativescenarios" tests="1" time="121.485" ignored="0" failures="0" timestamp="09 Nov 2020 21:18:17 GMT" skipped="0" hostname="Prabha" errors="0">
  <testcase name="logincheckK" time="121.485" classname="travlogixnegativescenarios.Carmasternegativescenarios"/>
</testsuite> <!-- travlogixnegativescenarios.Carmasternegativescenarios -->
