<?xml version="1.0" encoding="UTF-8"?>
<!-- Generated by org.testng.reporters.JUnitReportReporter -->
<testsuite hostname="Prabha" name="Carcreditcashcarduccf.CarCreditCash" tests="1" failures="0" timestamp="24 Dec 2020 15:47:23 GMT" time="477.197" errors="0">
  <testcase name="CarCreditCash" time="477.197" classname="Carcreditcashcarduccf.CarCreditCash"/>
</testsuite> <!-- Carcreditcashcarduccf.CarCreditCash -->
