<?xml version="1.0" encoding="UTF-8"?>
<!-- Generated by org.testng.reporters.JUnitReportReporter -->
<testsuite hostname="Prabha" name="Salesrefundcar.CarbookingGL" tests="1" failures="0" timestamp="24 Dec 2020 15:04:25 GMT" time="601.140" errors="0">
  <testcase name="CarbookingGL" time="601.140" classname="Salesrefundcar.CarbookingGL"/>
</testsuite> <!-- Salesrefundcar.CarbookingGL -->
