<?xml version="1.0" encoding="UTF-8"?>
<!-- Generated by org.testng.reporters.JUnitReportReporter -->
<testsuite name="travlogix.BusinessPartner" tests="1" time="780.043" ignored="0" failures="0" timestamp="20 Nov 2020 20:52:59 GMT" skipped="0" hostname="Prabha" errors="0">
  <testcase name="logincheckK" time="780.043" classname="travlogix.BusinessPartner"/>
</testsuite> <!-- travlogix.BusinessPartner -->
