<?xml version="1.0" encoding="UTF-8"?>
<!-- Generated by org.testng.reporters.JUnitReportReporter -->
<testsuite name="travlogix.CarServiceChargeRule" tests="1" time="112.354" ignored="0" failures="0" timestamp="20 Nov 2020 21:02:04 GMT" skipped="0" hostname="Prabha" errors="0">
  <testcase name="logincheckK" time="112.354" classname="travlogix.CarServiceChargeRule"/>
</testsuite> <!-- travlogix.CarServiceChargeRule -->
