<?xml version="1.0" encoding="UTF-8"?>
<!-- Generated by org.testng.reporters.JUnitReportReporter -->
<testsuite hostname="Prabha" name="Carcreditcashcarduccf.CarCreditUCCF" tests="1" failures="0" timestamp="24 Dec 2020 15:57:13 GMT" time="584.338" errors="0">
  <testcase name="Carbookinguccf" time="584.338" classname="Carcreditcashcarduccf.CarCreditUCCF"/>
</testsuite> <!-- Carcreditcashcarduccf.CarCreditUCCF -->
