<?xml version="1.0" encoding="UTF-8"?>
<!-- Generated by org.testng.reporters.JUnitReportReporter -->
<testsuite hostname="Prabha" name="LPO.Lpo" tests="1" failures="0" timestamp="24 Dec 2020 11:01:31 GMT" time="172.931" errors="0">
  <testcase name="Lpo" time="172.931" classname="LPO.Lpo"/>
</testsuite> <!-- LPO.Lpo -->
