<?xml version="1.0" encoding="UTF-8"?>
<!-- Generated by org.testng.reporters.JUnitReportReporter -->
<testsuite hostname="Prabha" name="Carcreditcashcarduccf.CarCashCard" tests="1" failures="0" timestamp="24 Dec 2020 15:31:07 GMT" time="515.319" errors="0">
  <testcase name="CarCashCard" time="515.319" classname="Carcreditcashcarduccf.CarCashCard"/>
</testsuite> <!-- Carcreditcashcarduccf.CarCashCard -->
