<?xml version="1.0" encoding="UTF-8"?>
<!-- Generated by org.testng.reporters.JUnitReportReporter -->
<testsuite hostname="Prabha" name="Carcreditcashcarduccf.CarCreditCard" tests="1" failures="0" timestamp="24 Dec 2020 15:39:20 GMT" time="488.194" errors="0">
  <testcase name="CarCreditCard" time="488.194" classname="Carcreditcashcarduccf.CarCreditCard"/>
</testsuite> <!-- Carcreditcashcarduccf.CarCreditCard -->
