<?xml version="1.0" encoding="UTF-8"?>
<!-- Generated by org.testng.reporters.JUnitReportReporter -->
<testsuite name="SalesRefundPositivecases.Hotelpositivecash" tests="1" time="472.712" ignored="0" failures="0" timestamp="11 Nov 2020 05:27:58 GMT" skipped="0" hostname="Prabha" errors="0">
  <testcase name="logincheckK" time="472.712" classname="SalesRefundPositivecases.Hotelpositivecash"/>
</testsuite> <!-- SalesRefundPositivecases.Hotelpositivecash -->
