<?xml version="1.0" encoding="UTF-8"?>
<!-- Generated by org.testng.reporters.JUnitReportReporter -->
<testsuite name="SalesRefundPositivecases.Misccash" tests="1" time="404.599" ignored="0" failures="0" timestamp="30 Nov 2020 05:55:52 GMT" skipped="0" hostname="Prabha" errors="0">
  <testcase name="logincheckK" time="404.599" classname="SalesRefundPositivecases.Misccash"/>
</testsuite> <!-- SalesRefundPositivecases.Misccash -->
