<?xml version="1.0" encoding="UTF-8"?>
<!-- Generated by org.testng.reporters.JUnitReportReporter -->
<testsuite name="travlogixnegativescenarios.Executivenegativescenarios" tests="1" time="160.217" ignored="0" failures="0" timestamp="19 Oct 2020 05:59:14 GMT" skipped="0" hostname="Prabha" errors="0">
  <testcase name="logincheckK" time="160.217" classname="travlogixnegativescenarios.Executivenegativescenarios"/>
</testsuite> <!-- travlogixnegativescenarios.Executivenegativescenarios -->
