<?xml version="1.0" encoding="UTF-8"?>
<!-- Generated by org.testng.reporters.JUnitReportReporter -->
<testsuite name="SalesrefundAir.Airpositive" tests="1" time="593.002" ignored="0" failures="0" timestamp="03 Dec 2020 18:31:18 GMT" skipped="0" hostname="Prabha" errors="0">
  <testcase name="Airpositive" time="593.002" classname="SalesrefundAir.Airpositive"/>
</testsuite> <!-- SalesrefundAir.Airpositive -->
