<?xml version="1.0" encoding="UTF-8"?>
<!-- Generated by org.testng.reporters.JUnitReportReporter -->
<testsuite name="Misccreditcashcarduccf.MiscCreditCard" tests="1" time="490.971" ignored="0" failures="0" timestamp="23 Dec 2020 18:18:12 GMT" skipped="0" hostname="Prabha" errors="0">
  <testcase name="MiscCreditCard" time="490.971" classname="Misccreditcashcarduccf.MiscCreditCard"/>
</testsuite> <!-- Misccreditcashcarduccf.MiscCreditCard -->
