<?xml version="1.0" encoding="UTF-8"?>
<!-- Generated by org.testng.reporters.JUnitReportReporter -->
<testsuite name="SalesRefundPositivecases.CarPositivecash" tests="1" time="493.435" ignored="0" failures="0" timestamp="08 Nov 2020 19:37:42 GMT" skipped="0" hostname="Prabha" errors="0">
  <testcase name="logincheckK" time="493.435" classname="SalesRefundPositivecases.CarPositivecash"/>
</testsuite> <!-- SalesRefundPositivecases.CarPositivecash -->
