<?xml version="1.0" encoding="UTF-8"?>
<!-- Generated by org.testng.reporters.JUnitReportReporter -->
<testsuite name="SalesrefundAir.Airpositivecredit" tests="1" time="677.406" ignored="0" failures="0" timestamp="30 Nov 2020 08:32:03 GMT" skipped="0" hostname="Prabha" errors="0">
  <testcase name="Airpositive" time="677.406" classname="SalesrefundAir.Airpositivecredit"/>
</testsuite> <!-- SalesrefundAir.Airpositivecredit -->
