<?xml version="1.0" encoding="UTF-8"?>
<!-- Generated by org.testng.reporters.JUnitReportReporter -->
<testsuite name="Salesrefundcar.Carbookingcard" tests="1" time="489.703" ignored="0" failures="0" timestamp="24 Nov 2020 19:48:04 GMT" skipped="0" hostname="Prabha" errors="0">
  <testcase name="logincheckK" time="489.703" classname="Salesrefundcar.Carbookingcard"/>
</testsuite> <!-- Salesrefundcar.Carbookingcard -->
