<?xml version="1.0" encoding="UTF-8"?>
<!-- Generated by org.testng.reporters.JUnitReportReporter -->
<testsuite name="SalesRefundPositivecases.Hotelpositive" tests="1" time="455.735" ignored="0" failures="0" timestamp="05 Nov 2020 16:29:31 GMT" skipped="0" hostname="Prabha" errors="0">
  <testcase name="logincheckK" time="455.735" classname="SalesRefundPositivecases.Hotelpositive"/>
</testsuite> <!-- SalesRefundPositivecases.Hotelpositive -->
