<?xml version="1.0" encoding="UTF-8"?>
<!-- Generated by org.testng.reporters.JUnitReportReporter -->
<testsuite name="SalesRefundPositivecases.CarPositivecash" tests="1" time="485.086" ignored="0" failures="0" timestamp="07 Nov 2020 17:05:56 GMT" skipped="0" hostname="Prabha" errors="0">
  <testcase name="logincheckK" time="485.086" classname="SalesRefundPositivecases.CarPositivecash"/>
</testsuite> <!-- SalesRefundPositivecases.CarPositivecash -->
