<?xml version="1.0" encoding="UTF-8"?>
<!-- Generated by org.testng.reporters.JUnitReportReporter -->
<testsuite name="travlogixnegativescenarios.Executivenegativescenarios" tests="1" time="156.261" ignored="0" failures="0" timestamp="14 Dec 2020 17:01:37 GMT" skipped="0" hostname="Prabha" errors="0">
  <testcase name="Executivenegativescenarios" time="156.261" classname="travlogixnegativescenarios.Executivenegativescenarios"/>
</testsuite> <!-- travlogixnegativescenarios.Executivenegativescenarios -->
