<?xml version="1.0" encoding="UTF-8"?>
<!-- Generated by org.testng.reporters.JUnitReportReporter -->
<testsuite name="SalesrefundHotel.Hotelnegative" tests="1" time="517.089" ignored="0" failures="0" timestamp="11 Nov 2020 20:52:58 GMT" skipped="0" hostname="Prabha" errors="0">
  <testcase name="logincheckK" time="517.089" classname="SalesrefundHotel.Hotelnegative"/>
</testsuite> <!-- SalesrefundHotel.Hotelnegative -->
