<?xml version="1.0" encoding="UTF-8"?>
<!-- Generated by org.testng.reporters.JUnitReportReporter -->
<testsuite name="Salesrefunddockectstatus.Notcollected" tests="1" time="342.837" ignored="0" failures="0" timestamp="29 Nov 2020 18:16:07 GMT" skipped="0" hostname="Prabha" errors="0">
  <testcase name="Aircopytickect" time="342.837" classname="Salesrefunddockectstatus.Notcollected"/>
</testsuite> <!-- Salesrefunddockectstatus.Notcollected -->
