<?xml version="1.0" encoding="UTF-8"?>
<!-- Generated by org.testng.reporters.JUnitReportReporter -->
<testsuite name="SalesRefundPositivecases.CarPositivecredit" tests="1" time="453.385" ignored="0" failures="0" timestamp="07 Nov 2020 11:48:39 GMT" skipped="0" hostname="Prabha" errors="0">
  <testcase name="logincheckK" time="453.385" classname="SalesRefundPositivecases.CarPositivecredit"/>
</testsuite> <!-- SalesRefundPositivecases.CarPositivecredit -->
