<?xml version="1.0" encoding="UTF-8"?>
<!-- Generated by org.testng.reporters.JUnitReportReporter -->
<testsuite name="AllFop.Hotelallfops" tests="1" time="602.977" ignored="0" failures="0" timestamp="23 Dec 2020 21:54:04 GMT" skipped="0" hostname="Prabha" errors="0">
  <testcase name="Hotelallfops" time="602.977" classname="AllFop.Hotelallfops"/>
</testsuite> <!-- AllFop.Hotelallfops -->
