<?xml version="1.0" encoding="UTF-8"?>
<!-- Generated by org.testng.reporters.JUnitReportReporter -->
<testsuite name="Multiplefop.Hotelfop" tests="1" time="643.483" ignored="0" failures="0" timestamp="13 Dec 2020 19:17:18 GMT" skipped="0" hostname="Prabha" errors="0">
  <testcase name="logincheckK" time="643.483" classname="Multiplefop.Hotelfop"/>
</testsuite> <!-- Multiplefop.Hotelfop -->
