<?xml version="1.0" encoding="UTF-8"?>
<!-- Generated by org.testng.reporters.JUnitReportReporter -->
<testsuite name="Aircreditcashcarduccf.CardUCCF" tests="1" time="0.020" ignored="0" failures="0" timestamp="21 Dec 2020 19:10:14 GMT" skipped="0" hostname="Prabha" errors="0">
  <testcase name="f" time="0.020" classname="Aircreditcashcarduccf.CardUCCF"/>
</testsuite> <!-- Aircreditcashcarduccf.CardUCCF -->
