<?xml version="1.0" encoding="UTF-8"?>
<!-- Generated by org.testng.reporters.JUnitReportReporter -->
<testsuite name="travlogixnegativescenarios.Airlinemasternegativvescenarios" tests="1" time="325.429" ignored="0" failures="0" timestamp="26 Oct 2020 05:02:37 GMT" skipped="0" hostname="Prabha" errors="0">
  <testcase name="logincheckK" time="325.429" classname="travlogixnegativescenarios.Airlinemasternegativvescenarios"/>
</testsuite> <!-- travlogixnegativescenarios.Airlinemasternegativvescenarios -->
