<?xml version="1.0" encoding="UTF-8"?>
<!-- Generated by org.testng.reporters.JUnitReportReporter -->
<testsuite name="Refund.Hotelrefund" tests="1" time="2.130" ignored="0" failures="0" timestamp="18 Dec 2020 21:28:22 GMT" skipped="0" hostname="Prabha" errors="1">
  <testcase name="Airrefund" time="2.130" classname="Refund.Hotelrefund">
    <error type="org.testng.internal.reflect.MethodMatcherException" message="
Data provider mismatch
Method: Airrefund([Parameter{index=0, type=java.lang.String, declaredAnnotations=[]}, Parameter{index=1, type=java.lang.String, declaredAnnotations=[]}, Parameter{index=2, type=java.lang.String, declaredAnnotations=[]}, Parameter{index=3, type=java.lang.String, declaredAnnotations=[]}, Parameter{index=4, type=java.lang.String, declaredAnnotations=[]}, Parameter{index=5, type=java.lang.String, declaredAnnotations=[]}, Parameter{index=6, type=java.lang.String, declaredAnnotations=[]}, Parameter{index=7, type=java.lang.String, declaredAnnotations=[]}, Parameter{index=8, type=java.lang.String, declaredAnnotations=[]}, Parameter{index=9, type=java.lang.String, declaredAnnotations=[]}, Parameter{index=10, type=java.lang.String, declaredAnnotations=[]}, Parameter{index=11, type=java.lang.String, declaredAnnotations=[]}, Parameter{index=12, type=java.lang.String, declaredAnnotations=[]}, Parameter{index=13, type=java.lang.String, declaredAnnotations=[]}, Parameter{index=14, type=java.lang.String, declaredAnnotations=[]}, Parameter{index=15, type=java.lang.String, declaredAnnotations=[]}, Parameter{index=16, type=java.lang.String, declaredAnnotations=[]}, Parameter{index=17, type=java.lang.String, declaredAnnotations=[]}, Parameter{index=18, type=java.lang.String, declaredAnnotations=[]}, Parameter{index=19, type=java.lang.String, declaredAnnotations=[]}, Parameter{index=20, type=java.lang.String, declaredAnnotations=[]}, Parameter{index=21, type=java.lang.String, declaredAnnotations=[]}, Parameter{index=22, type=java.lang.String, declaredAnnotations=[]}, Parameter{index=23, type=java.lang.String, declaredAnnotations=[]}, Parameter{index=24, type=java.lang.String, declaredAnnotations=[]}, Parameter{index=25, type=java.lang.String, declaredAnnotations=[]}, Parameter{index=26, type=java.lang.String, declaredAnnotations=[]}, Parameter{index=27, type=java.lang.String, declaredAnnotations=[]}, Parameter{index=28, type=java.lang.String, declaredAnnotations=[]}, Parameter{index=29, type=java.lang.String, declaredAnnotations=[]}, Parameter{index=30, type=java.lang.String, declaredAnnotations=[]}])
Arguments: [(java.lang.String)CU101,(java.lang.String)P@ssw0rd,(java.lang.String)Sales / Refund,(java.lang.String)28,(java.lang.String)OCT,(java.lang.String)2020,(java.lang.String)OUTBOUND DOCKET,(java.lang.String)0,(java.lang.String)AEBR01,(java.lang.String)0,(java.lang.String)jordan,(java.lang.String)0,(java.lang.String)testt,(java.lang.String)testt,(java.lang.String)1,(java.lang.String)5520030005,(java.lang.String)17,(java.lang.String)Feb,(java.lang.String)2021,(java.lang.String)9310291366]">
      <![CDATA[org.testng.internal.reflect.MethodMatcherException: 
Data provider mismatch
Method: Airrefund([Parameter{index=0, type=java.lang.String, declaredAnnotations=[]}, Parameter{index=1, type=java.lang.String, declaredAnnotations=[]}, Parameter{index=2, type=java.lang.String, declaredAnnotations=[]}, Parameter{index=3, type=java.lang.String, declaredAnnotations=[]}, Parameter{index=4, type=java.lang.String, declaredAnnotations=[]}, Parameter{index=5, type=java.lang.String, declaredAnnotations=[]}, Parameter{index=6, type=java.lang.String, declaredAnnotations=[]}, Parameter{index=7, type=java.lang.String, declaredAnnotations=[]}, Parameter{index=8, type=java.lang.String, declaredAnnotations=[]}, Parameter{index=9, type=java.lang.String, declaredAnnotations=[]}, Parameter{index=10, type=java.lang.String, declaredAnnotations=[]}, Parameter{index=11, type=java.lang.String, declaredAnnotations=[]}, Parameter{index=12, type=java.lang.String, declaredAnnotations=[]}, Parameter{index=13, type=java.lang.String, declaredAnnotations=[]}, Parameter{index=14, type=java.lang.String, declaredAnnotations=[]}, Parameter{index=15, type=java.lang.String, declaredAnnotations=[]}, Parameter{index=16, type=java.lang.String, declaredAnnotations=[]}, Parameter{index=17, type=java.lang.String, declaredAnnotations=[]}, Parameter{index=18, type=java.lang.String, declaredAnnotations=[]}, Parameter{index=19, type=java.lang.String, declaredAnnotations=[]}, Parameter{index=20, type=java.lang.String, declaredAnnotations=[]}, Parameter{index=21, type=java.lang.String, declaredAnnotations=[]}, Parameter{index=22, type=java.lang.String, declaredAnnotations=[]}, Parameter{index=23, type=java.lang.String, declaredAnnotations=[]}, Parameter{index=24, type=java.lang.String, declaredAnnotations=[]}, Parameter{index=25, type=java.lang.String, declaredAnnotations=[]}, Parameter{index=26, type=java.lang.String, declaredAnnotations=[]}, Parameter{index=27, type=java.lang.String, declaredAnnotations=[]}, Parameter{index=28, type=java.lang.String, declaredAnnotations=[]}, Parameter{index=29, type=java.lang.String, declaredAnnotations=[]}, Parameter{index=30, type=java.lang.String, declaredAnnotations=[]}])
Arguments: [(java.lang.String)CU101,(java.lang.String)P@ssw0rd,(java.lang.String)Sales / Refund,(java.lang.String)28,(java.lang.String)OCT,(java.lang.String)2020,(java.lang.String)OUTBOUND DOCKET,(java.lang.String)0,(java.lang.String)AEBR01,(java.lang.String)0,(java.lang.String)jordan,(java.lang.String)0,(java.lang.String)testt,(java.lang.String)testt,(java.lang.String)1,(java.lang.String)5520030005,(java.lang.String)17,(java.lang.String)Feb,(java.lang.String)2021,(java.lang.String)9310291366]
	at org.testng.internal.reflect.DataProviderMethodMatcher.getConformingArguments(DataProviderMethodMatcher.java:52)
	at org.testng.internal.Invoker.injectParameters(Invoker.java:1278)
	at org.testng.internal.Invoker.invokeTestMethods(Invoker.java:1171)
	at org.testng.internal.TestMethodWorker.invokeTestMethods(TestMethodWorker.java:129)
	at org.testng.internal.TestMethodWorker.run(TestMethodWorker.java:112)
	at org.testng.TestRunner.privateRun(TestRunner.java:756)
	at org.testng.TestRunner.run(TestRunner.java:610)
	at org.testng.SuiteRunner.runTest(SuiteRunner.java:387)
	at org.testng.SuiteRunner.runSequentially(SuiteRunner.java:382)
	at org.testng.SuiteRunner.privateRun(SuiteRunner.java:340)
	at org.testng.SuiteRunner.run(SuiteRunner.java:289)
	at org.testng.SuiteRunnerWorker.runSuite(SuiteRunnerWorker.java:52)
	at org.testng.SuiteRunnerWorker.run(SuiteRunnerWorker.java:86)
	at org.testng.TestNG.runSuitesSequentially(TestNG.java:1293)
	at org.testng.TestNG.runSuitesLocally(TestNG.java:1218)
	at org.testng.TestNG.runSuites(TestNG.java:1133)
	at org.testng.TestNG.run(TestNG.java:1104)
	at org.testng.remote.AbstractRemoteTestNG.run(AbstractRemoteTestNG.java:132)
	at org.testng.remote.RemoteTestNG.initAndRun(RemoteTestNG.java:236)
	at org.testng.remote.RemoteTestNG.main(RemoteTestNG.java:81)
]]>
    </error>
  </testcase> <!-- Airrefund -->
</testsuite> <!-- Refund.Hotelrefund -->
