<?xml version="1.0" encoding="UTF-8"?>
<!-- Generated by org.testng.reporters.JUnitReportReporter -->
<testsuite name="travlogix.Scenario1" tests="1" time="544.672" ignored="0" failures="0" timestamp="05 Oct 2020 18:57:21 GMT" skipped="0" hostname="Prabha" errors="0">
  <testcase name="logincheckK" time="544.672" classname="travlogix.Scenario1"/>
</testsuite> <!-- travlogix.Scenario1 -->
