<?xml version="1.0" encoding="UTF-8"?>
<!-- Generated by org.testng.reporters.JUnitReportReporter -->
<testsuite name="Salesrefunddockectstatus.Salesrefundtickectstatus" tests="1" time="124.874" ignored="0" failures="0" timestamp="29 Nov 2020 12:17:24 GMT" skipped="0" hostname="Prabha" errors="0">
  <testcase name="Aircopytickect" time="124.874" classname="Salesrefunddockectstatus.Salesrefundtickectstatus"/>
</testsuite> <!-- Salesrefunddockectstatus.Salesrefundtickectstatus -->
