<?xml version="1.0" encoding="UTF-8"?>
<!-- Generated by org.testng.reporters.JUnitReportReporter -->
<testsuite name="travlogixnegativescenarios.Vatsetupnegativescenarios" tests="1" time="506.088" ignored="0" failures="0" timestamp="27 Oct 2020 19:36:30 GMT" skipped="0" hostname="Prabha" errors="0">
  <testcase name="logincheckK" time="506.088" classname="travlogixnegativescenarios.Vatsetupnegativescenarios"/>
</testsuite> <!-- travlogixnegativescenarios.Vatsetupnegativescenarios -->
