<?xml version="1.0" encoding="UTF-8"?>
<!-- Generated by org.testng.reporters.JUnitReportReporter -->
<testsuite name="SalesrefundAir.Airpositivecreditcard" tests="1" time="570.858" ignored="0" failures="0" timestamp="03 Dec 2020 20:14:16 GMT" skipped="0" hostname="Prabha" errors="0">
  <testcase name="Airpositivecreditcard" time="570.858" classname="SalesrefundAir.Airpositivecreditcard"/>
</testsuite> <!-- SalesrefundAir.Airpositivecreditcard -->
