<?xml version="1.0" encoding="UTF-8"?>
<!-- Generated by org.testng.reporters.JUnitReportReporter -->
<testsuite name="Salesrefundmisc.Misccard" tests="1" time="392.930" ignored="0" failures="0" timestamp="06 Dec 2020 23:06:55 GMT" skipped="0" hostname="Prabha" errors="0">
  <testcase name="logincheckK" time="392.930" classname="Salesrefundmisc.Misccard"/>
</testsuite> <!-- Salesrefundmisc.Misccard -->
