<?xml version="1.0" encoding="UTF-8"?>
<!-- Generated by org.testng.reporters.JUnitReportReporter -->
<testsuite name="travlogixnegativescenarios.Executivenegativescenarios" tests="1" time="161.473" ignored="0" failures="0" timestamp="30 Nov 2020 18:00:09 GMT" skipped="0" hostname="Prabha" errors="0">
  <testcase name="Executivenegativescenarios" time="161.473" classname="travlogixnegativescenarios.Executivenegativescenarios"/>
</testsuite> <!-- travlogixnegativescenarios.Executivenegativescenarios -->
