<?xml version="1.0" encoding="UTF-8"?>
<!-- Generated by org.testng.reporters.JUnitReportReporter -->
<testsuite name="travlogixnegativescenarios.Taxnegativescenarios" tests="1" time="82.234" ignored="0" failures="0" timestamp="19 Oct 2020 05:59:14 GMT" skipped="0" hostname="Prabha" errors="0">
  <testcase name="logincheckK" time="82.234" classname="travlogixnegativescenarios.Taxnegativescenarios"/>
</testsuite> <!-- travlogixnegativescenarios.Taxnegativescenarios -->
