<?xml version="1.0" encoding="UTF-8"?>
<!-- Generated by org.testng.reporters.JUnitReportReporter -->
<testsuite name="SalesRefundPositivecases.Misccredit" tests="1" time="379.142" ignored="0" failures="0" timestamp="09 Nov 2020 11:46:29 GMT" skipped="0" hostname="Prabha" errors="0">
  <testcase name="logincheckK" time="379.142" classname="SalesRefundPositivecases.Misccredit"/>
</testsuite> <!-- SalesRefundPositivecases.Misccredit -->
