<?xml version="1.0" encoding="UTF-8"?>
<!-- Generated by org.testng.reporters.JUnitReportReporter -->
<testsuite name="travlogix.Authorization" tests="1" time="122.715" ignored="0" failures="0" timestamp="22 Oct 2020 11:45:23 GMT" skipped="0" hostname="Prabha" errors="0">
  <testcase name="logincheckK" time="122.715" classname="travlogix.Authorization"/>
</testsuite> <!-- travlogix.Authorization -->
