<?xml version="1.0" encoding="UTF-8"?>
<!-- Generated by org.testng.reporters.JUnitReportReporter -->
<testsuite name="Warehouse.Zonemaster" tests="1" time="77.031" ignored="0" failures="0" timestamp="08 Oct 2020 09:33:26 GMT" skipped="0" hostname="Prabha" errors="0">
  <testcase name="logincheckK" time="77.031" classname="Warehouse.Zonemaster"/>
</testsuite> <!-- Warehouse.Zonemaster -->
