<?xml version="1.0" encoding="UTF-8"?>
<!-- Generated by org.testng.reporters.JUnitReportReporter -->
<testsuite name="travlogix.HotelServiceChargeRule" tests="1" time="220.837" ignored="0" failures="0" timestamp="15 Oct 2020 20:07:02 GMT" skipped="0" hostname="Prabha" errors="0">
  <testcase name="logincheckK" time="220.837" classname="travlogix.HotelServiceChargeRule"/>
</testsuite> <!-- travlogix.HotelServiceChargeRule -->
