<?xml version="1.0" encoding="UTF-8"?>
<!-- Generated by org.testng.reporters.JUnitReportReporter -->
<testsuite name="Warehouse.ResourceMaster" tests="1" time="148.800" ignored="0" failures="0" timestamp="13 Oct 2020 10:10:38 GMT" skipped="0" hostname="Prabha" errors="0">
  <testcase name="logincheckK" time="148.800" classname="Warehouse.ResourceMaster"/>
</testsuite> <!-- Warehouse.ResourceMaster -->
