<?xml version="1.0" encoding="UTF-8"?>
<!-- Generated by org.testng.reporters.JUnitReportReporter -->
<testsuite hostname="Prabha" name="Misccreditcashcarduccf.MiscCreditUCCF" tests="1" failures="0" timestamp="24 Dec 2020 13:39:10 GMT" time="459.015" errors="0">
  <testcase name="MiscCreditUCCF" time="459.015" classname="Misccreditcashcarduccf.MiscCreditUCCF"/>
</testsuite> <!-- Misccreditcashcarduccf.MiscCreditUCCF -->
