<?xml version="1.0" encoding="UTF-8"?>
<!-- Generated by org.testng.reporters.JUnitReportReporter -->
<testsuite name="AllFop.Carallfops" tests="1" time="631.906" ignored="0" failures="0" timestamp="23 Dec 2020 20:41:58 GMT" skipped="0" hostname="Prabha" errors="0">
  <testcase name="CarPositivecredit" time="631.906" classname="AllFop.Carallfops"/>
</testsuite> <!-- AllFop.Carallfops -->
