<?xml version="1.0" encoding="UTF-8"?>
<!-- Generated by org.testng.reporters.JUnitReportReporter -->
<testsuite name="Aircreditcashcarduccf.CreditCard" tests="1" time="682.912" ignored="0" failures="0" timestamp="21 Dec 2020 21:23:59 GMT" skipped="0" hostname="Prabha" errors="0">
  <testcase name="CreditCard" time="682.912" classname="Aircreditcashcarduccf.CreditCard"/>
</testsuite> <!-- Aircreditcashcarduccf.CreditCard -->
