<?xml version="1.0" encoding="UTF-8"?>
<!-- Generated by org.testng.reporters.JUnitReportReporter -->
<testsuite hostname="Prabha" name="Salesrefunddockectstatus.Docketstatusnew" tests="1" failures="0" timestamp="24 Dec 2020 10:30:55 GMT" time="168.502" errors="0">
  <testcase name="Docketstatusnew" time="168.502" classname="Salesrefunddockectstatus.Docketstatusnew"/>
</testsuite> <!-- Salesrefunddockectstatus.Docketstatusnew -->
